<?xml version="1.0" encoding="UTF-8"?>
<testng-results skipped="0" failed="0" ignored="0" total="1" passed="1">
  <reporter-output>
  </reporter-output>
  <suite name="Default suite" duration-ms="8920" started-at="2017-02-03T23:11:00Z" finished-at="2017-02-03T23:11:09Z">
    <groups>
    </groups>
    <test name="Default test" duration-ms="8920" started-at="2017-02-03T23:11:00Z" finished-at="2017-02-03T23:11:09Z">
      <class name="testClasses.LoginTests">
        <test-method status="PASS" signature="setup()[pri:0, instance:testClasses.LoginTests@68c4039c]" name="setup" is-config="true" duration-ms="3944" started-at="2017-02-03T17:11:00Z" finished-at="2017-02-03T17:11:04Z">
          <reporter-output>
          </reporter-output>
        </test-method> <!-- setup -->
        <test-method status="PASS" signature="loginTest()[pri:0, instance:testClasses.LoginTests@68c4039c]" name="loginTest" duration-ms="4871" started-at="2017-02-03T17:11:04Z" finished-at="2017-02-03T17:11:09Z">
          <reporter-output>
          </reporter-output>
        </test-method> <!-- loginTest -->
        <test-method status="PASS" signature="cleanup()[pri:0, instance:testClasses.LoginTests@68c4039c]" name="cleanup" is-config="true" duration-ms="73" started-at="2017-02-03T17:11:09Z" finished-at="2017-02-03T17:11:09Z">
          <reporter-output>
          </reporter-output>
        </test-method> <!-- cleanup -->
      </class> <!-- testClasses.LoginTests -->
    </test> <!-- Default test -->
  </suite> <!-- Default suite -->
</testng-results>
