<?xml version="1.0" encoding="UTF-8"?>
<testng-results skipped="0" failed="0" ignored="0" total="1" passed="1">
  <reporter-output>
  </reporter-output>
  <suite name="Default suite" duration-ms="24625" started-at="2017-02-12T06:37:46Z" finished-at="2017-02-12T06:38:11Z">
    <groups>
    </groups>
    <test name="Default test" duration-ms="24625" started-at="2017-02-12T06:37:46Z" finished-at="2017-02-12T06:38:11Z">
      <class name="testClasses.LoginTests">
        <test-method status="PASS" signature="setup()[pri:0, instance:testClasses.LoginTests@68c4039c]" name="setup" is-config="true" duration-ms="17806" started-at="2017-02-12T00:37:46Z" finished-at="2017-02-12T00:38:04Z">
          <reporter-output>
          </reporter-output>
        </test-method> <!-- setup -->
        <test-method status="PASS" signature="loginTest()[pri:0, instance:testClasses.LoginTests@68c4039c]" name="loginTest" duration-ms="6771" started-at="2017-02-12T00:38:04Z" finished-at="2017-02-12T00:38:11Z">
          <reporter-output>
          </reporter-output>
        </test-method> <!-- loginTest -->
        <test-method status="PASS" signature="cleanup()[pri:0, instance:testClasses.LoginTests@68c4039c]" name="cleanup" is-config="true" duration-ms="20" started-at="2017-02-12T00:38:11Z" finished-at="2017-02-12T00:38:11Z">
          <reporter-output>
          </reporter-output>
        </test-method> <!-- cleanup -->
      </class> <!-- testClasses.LoginTests -->
    </test> <!-- Default test -->
  </suite> <!-- Default suite -->
</testng-results>
